<?xml version="1.0" encoding="UTF-8"?>
<testsuite xmlns:xsi="http://www.w3.org/2001/XMLSchema-instance" xsi:noNamespaceSchemaLocation="https://maven.apache.org/surefire/maven-surefire-plugin/xsd/surefire-test-report.xsd" version="3.0.2" name="dev.ajay.ticket_blaster.ticketblaster_backend.TicketblasterBackendApplicationTests" time="3.359" tests="1" errors="0" skipped="0" failures="0">
  <properties>
[...]
</properties>
  <testcase name="contextLoads" classname="dev.ajay.ticket_blaster.ticketblaster_backend.TicketblasterBackendApplicationTests" time="0.242">
    <system-out><![CDATA[00:31:07.440 [main] INFO org.springframework.test.context.support.AnnotationConfigContextLoaderUtils -- Could not detect default configuration classes for test class [dev.ajay.ticket_blaster.ticketblaster_backend.TicketblasterBackendApplicationTests]: TicketblasterBackendApplicationTests does not declare any static, non-private, non-final, nested classes annotated with @Configuration.
00:31:07.484 [main] INFO org.springframework.boot.test.context.SpringBootTestContextBootstrapper -- Found @SpringBootConfiguration dev.ajay.ticket_blaster.ticketblaster_backend.TicketblasterBackendApplication for test class dev.ajay.ticket_blaster.ticketblaster_backend.TicketblasterBackendApplicationTests

  .   ____          _            __ _ _
 /\\ / ___'_ __ _ _(_)_ __  __ _ \ \ \ \
( ( )\___ | '_ | '_| | '_ \/ _` | \ \ \ \
 \\/  ___)| |_)| | | | | || (_| |  ) ) ) )
  '  |____| .__|_| |_|_| |_\__, | / / / /
 =========|_|==============|___/=/_/_/_/

 :: Spring Boot ::                (v4.0.0)

2025-12-14T00:31:07.609+05:30  INFO 31351 --- [           main] t.t.TicketblasterBackendApplicationTests : Starting TicketblasterBackendApplicationTests using Java 23.0.2 with PID 31351 (started by ajay in /Users/ajay/Documents/Ticket_Blaster/backend)
2025-12-14T00:31:07.609+05:30  INFO 31351 --- [           main] t.t.TicketblasterBackendApplicationTests : No active profile set, falling back to 1 default profile: "default"
2025-12-14T00:31:07.881+05:30  INFO 31351 --- [           main] .s.d.r.c.RepositoryConfigurationDelegate : Bootstrapping Spring Data JPA repositories in DEFAULT mode.
2025-12-14T00:31:07.898+05:30  INFO 31351 --- [           main] .s.d.r.c.RepositoryConfigurationDelegate : Finished Spring Data repository scanning in 13 ms. Found 2 JPA repository interfaces.
2025-12-14T00:31:08.042+05:30  INFO 31351 --- [           main] org.testcontainers.images.PullPolicy     : Image pull policy will be performed by: DefaultPullPolicy()
2025-12-14T00:31:08.043+05:30  INFO 31351 --- [           main] o.t.utility.ImageNameSubstitutor         : Image name substitution will be performed by: DefaultImageNameSubstitutor (composite of 'ConfigurationFileImageNameSubstitutor' and 'PrefixingImageNameSubstitutor')
2025-12-14T00:31:08.050+05:30  INFO 31351 --- [           main] org.testcontainers.DockerClientFactory   : Testcontainers version: 2.0.2
2025-12-14T00:31:08.126+05:30  INFO 31351 --- [           main] o.t.d.DockerClientProviderStrategy       : Loaded org.testcontainers.dockerclient.UnixSocketClientProviderStrategy from ~/.testcontainers.properties, will try it first
2025-12-14T00:31:08.295+05:30  INFO 31351 --- [           main] o.t.d.DockerClientProviderStrategy       : Found Docker environment with local Unix socket (unix:///var/run/docker.sock)
2025-12-14T00:31:08.295+05:30  INFO 31351 --- [           main] org.testcontainers.DockerClientFactory   : Docker host IP address is localhost
2025-12-14T00:31:08.307+05:30  INFO 31351 --- [           main] org.testcontainers.DockerClientFactory   : Connected to docker: 
  Server Version: 28.2.2
  API Version: 1.50
  Operating System: Docker Desktop
  Total Memory: 3919 MB
  Labels: 
    com.docker.desktop.address=unix:///Users/ajay/Library/Containers/com.docker.docker/Data/docker-cli.sock
2025-12-14T00:31:08.355+05:30  INFO 31351 --- [           main] tc.testcontainers/ryuk:0.13.0            : Creating container for image: testcontainers/ryuk:0.13.0
2025-12-14T00:31:08.535+05:30  INFO 31351 --- [           main] tc.testcontainers/ryuk:0.13.0            : Container testcontainers/ryuk:0.13.0 is starting: 6d8508f431934bccd4391d605ea25b7c6ac98598a6e9836fc43fee0076d298d4
2025-12-14T00:31:08.676+05:30  INFO 31351 --- [           main] tc.testcontainers/ryuk:0.13.0            : Container testcontainers/ryuk:0.13.0 started in PT0.320939S
2025-12-14T00:31:08.680+05:30  INFO 31351 --- [           main] o.t.utility.RyukResourceReaper           : Ryuk started - will monitor and terminate Testcontainers containers on JVM exit
2025-12-14T00:31:08.680+05:30  INFO 31351 --- [           main] org.testcontainers.DockerClientFactory   : Checking the system...
2025-12-14T00:31:08.680+05:30  INFO 31351 --- [           main] org.testcontainers.DockerClientFactory   : ✔︎ Docker server version should be at least 1.6.0
2025-12-14T00:31:08.681+05:30  INFO 31351 --- [           main] tc.postgres:15                           : Creating container for image: postgres:15
2025-12-14T00:31:08.705+05:30  INFO 31351 --- [           main] tc.postgres:15                           : Container postgres:15 is starting: 0da3e921d7fa742cd6c250a6128320d41ddb8b336d1d37e11a75065b49251d0f
2025-12-14T00:31:09.307+05:30  INFO 31351 --- [           main] tc.postgres:15                           : Container postgres:15 started in PT0.626353S
2025-12-14T00:31:09.308+05:30  INFO 31351 --- [           main] tc.postgres:15                           : Container is started (JDBC URL: jdbc:postgresql://localhost:55905/test?loggerLevel=OFF)
2025-12-14T00:31:09.520+05:30  INFO 31351 --- [           main] org.flywaydb.core.FlywayExecutor         : Database: jdbc:postgresql://localhost:55905/test?loggerLevel=OFF (PostgreSQL 15.15)
2025-12-14T00:31:09.543+05:30  INFO 31351 --- [           main] o.f.c.i.s.JdbcTableSchemaHistory         : Schema history table "public"."flyway_schema_history" does not exist yet
2025-12-14T00:31:09.545+05:30  INFO 31351 --- [           main] o.f.core.internal.command.DbValidate     : Successfully validated 1 migration (execution time 00:00.005s)
2025-12-14T00:31:09.555+05:30  INFO 31351 --- [           main] o.f.c.i.s.JdbcTableSchemaHistory         : Creating Schema History table "public"."flyway_schema_history" ...
2025-12-14T00:31:09.575+05:30  INFO 31351 --- [           main] o.f.core.internal.command.DbMigrate      : Current version of schema "public": << Empty Schema >>
2025-12-14T00:31:09.580+05:30  INFO 31351 --- [           main] o.f.core.internal.command.DbMigrate      : Migrating schema "public" to version "1 - init schema"
2025-12-14T00:31:09.595+05:30  INFO 31351 --- [           main] o.f.core.internal.command.DbMigrate      : Successfully applied 1 migration to schema "public", now at version v1 (execution time 00:00.006s)
2025-12-14T00:31:09.615+05:30  INFO 31351 --- [           main] com.zaxxer.hikari.HikariDataSource       : HikariPool-1 - Starting...
2025-12-14T00:31:09.624+05:30  INFO 31351 --- [           main] com.zaxxer.hikari.pool.HikariPool        : HikariPool-1 - Added connection org.postgresql.jdbc.PgConnection@4fe9adfb
2025-12-14T00:31:09.625+05:30  INFO 31351 --- [           main] com.zaxxer.hikari.HikariDataSource       : HikariPool-1 - Start completed.
2025-12-14T00:31:09.635+05:30  INFO 31351 --- [           main] o.hibernate.jpa.internal.util.LogHelper  : HHH000204: Processing PersistenceUnitInfo [name: default]
2025-12-14T00:31:09.660+05:30  INFO 31351 --- [           main] org.hibernate.Version                    : HHH000412: Hibernate ORM core version 7.1.8.Final
2025-12-14T00:31:09.791+05:30  INFO 31351 --- [           main] o.s.o.j.p.SpringPersistenceUnitInfo      : No LoadTimeWeaver setup: ignoring JPA class transformer
2025-12-14T00:31:09.824+05:30  INFO 31351 --- [           main] org.hibernate.orm.connections.pooling    : HHH10001005: Database info:
	Database JDBC URL [jdbc:postgresql://localhost:55905/test?loggerLevel=OFF]
	Database driver: PostgreSQL JDBC Driver
	Database dialect: PostgreSQLDialect
	Database version: 15.15
	Default catalog/schema: test/public
	Autocommit mode: undefined/unknown
	Isolation level: READ_COMMITTED [default READ_COMMITTED]
	JDBC fetch size: none
	Pool: DatasourceConnectionProviderImpl
	Minimum pool size: undefined/unknown
	Maximum pool size: undefined/unknown
2025-12-14T00:31:10.145+05:30  INFO 31351 --- [           main] o.h.e.t.j.p.i.JtaPlatformInitiator       : HHH000489: No JTA platform available (set 'hibernate.transaction.jta.platform' to enable JTA platform integration)
2025-12-14T00:31:10.147+05:30  INFO 31351 --- [           main] j.LocalContainerEntityManagerFactoryBean : Initialized JPA EntityManagerFactory for persistence unit 'default'
2025-12-14T00:31:10.177+05:30  INFO 31351 --- [           main] o.s.d.j.r.query.QueryEnhancerFactories   : Hibernate is in classpath; If applicable, HQL parser will be used.
2025-12-14T00:31:10.226+05:30  WARN 31351 --- [           main] JpaBaseConfiguration$JpaWebConfiguration : spring.jpa.open-in-view is enabled by default. Therefore, database queries may be performed during view rendering. Explicitly configure spring.jpa.open-in-view to disable this warning
2025-12-14T00:31:10.426+05:30  INFO 31351 --- [           main] o.s.b.a.e.web.EndpointLinksResolver      : Exposing 1 endpoint beneath base path '/actuator'
2025-12-14T00:31:10.451+05:30  INFO 31351 --- [           main] t.t.TicketblasterBackendApplicationTests : Started TicketblasterBackendApplicationTests in 2.923 seconds (process running for 3.312)
2025-12-14T00:31:10.492+05:30  INFO 31351 --- [           main] d.a.t.t.bootstrap.TicketBlasterSeeder    : desjrd

--- 🚀 CONTAINER JDBC DETAILS 🚀 ---
URL:      jdbc:postgresql://localhost:55905/test?loggerLevel=OFF
Username: test
Password: test
--------------------------------------

]]></system-out>
    <system-err><![CDATA[SLF4J(W): Class path contains multiple SLF4J providers.
SLF4J(W): Found provider [ch.qos.logback.classic.spi.LogbackServiceProvider@34f7234e]
SLF4J(W): Found provider [org.apache.logging.slf4j.SLF4JServiceProvider@753432a2]
SLF4J(W): See https://www.slf4j.org/codes.html#multiple_bindings for an explanation.
SLF4J(I): Actual provider is of type [ch.qos.logback.classic.spi.LogbackServiceProvider@34f7234e]
Mockito is currently self-attaching to enable the inline-mock-maker. This will no longer work in future releases of the JDK. Please add Mockito as an agent to your build as described in Mockito's documentation: https://javadoc.io/doc/org.mockito/mockito-core/latest/org.mockito/org/mockito/Mockito.html#0.3
WARNING: A Java agent has been loaded dynamically (/Users/ajay/.m2/repository/net/bytebuddy/byte-buddy-agent/1.17.8/byte-buddy-agent-1.17.8.jar)
WARNING: If a serviceability tool is in use, please run with -XX:+EnableDynamicAgentLoading to hide this warning
WARNING: If a serviceability tool is not in use, please run with -Djdk.instrument.traceUsage for more information
WARNING: Dynamic loading of agents will be disallowed by default in a future release
]]></system-err>
  </testcase>
</testsuite>